<?xml version="1.0" encoding="UTF-8"?>
<!-- Generated by org.testng.reporters.JUnitReportReporter -->
<testsuite hostname="DESKTOP-91HRFE0" failures="0" tests="1" name="Test.UserPageTest" time="0.039" errors="1" timestamp="2023-01-11T11:09:22 IST" skipped="0">
  <testcase classname="Test.UserPageTest" name="displayingCards" time="0.039">
    <error type="java.lang.StackOverflowError">
      <![CDATA[java.lang.StackOverflowError
at Test.UserPageTest.displayingCards(UserPageTest.java:12)
at Test.UserPageTest.displayingCards(UserPageTest.java:12)
at Test.UserPageTest.displayingCards(UserPageTest.java:12)
at Test.UserPageTest.displayingCards(UserPageTest.java:12)
at Test.UserPageTest.displayingCards(UserPageTest.java:12)
at Test.UserPageTest.displayingCards(UserPageTest.java:12)
at Test.UserPageTest.displayingCards(UserPageTest.java:12)
at Test.UserPageTest.displayingCards(UserPageTest.java:12)
at Test.UserPageTest.displayingCards(UserPageTest.java:12)
at Test.UserPageTest.displayingCards(UserPageTest.java:12)
at Test.UserPageTest.displayingCards(UserPageTest.java:12)
at Test.UserPageTest.displayingCards(UserPageTest.java:12)
at Test.UserPageTest.displayingCards(UserPageTest.java:12)
at Test.UserPageTest.displayingCards(UserPageTest.java:12)
at Test.UserPageTest.displayingCards(UserPageTest.java:12)
at Test.UserPageTest.displayingCards(UserPageTest.java:12)
at Test.UserPageTest.displayingCards(UserPageTest.java:12)
at Test.UserPageTest.displayingCards(UserPageTest.java:12)
at Test.UserPageTest.displayingCards(UserPageTest.java:12)
at Test.UserPageTest.displayingCards(UserPageTest.java:12)
at Test.UserPageTest.displayingCards(UserPageTest.java:12)
at Test.UserPageTest.displayingCards(UserPageTest.java:12)
at Test.UserPageTest.displayingCards(UserPageTest.java:12)
at Test.UserPageTest.displayingCards(UserPageTest.java:12)
at Test.UserPageTest.displayingCards(UserPageTest.java:12)
at Test.UserPageTest.displayingCards(UserPageTest.java:12)
at Test.UserPageTest.displayingCards(UserPageTest.java:12)
at Test.UserPageTest.displayingCards(UserPageTest.java:12)
at Test.UserPageTest.displayingCards(UserPageTest.java:12)
at Test.UserPageTest.displayingCards(UserPageTest.java:12)
at Test.UserPageTest.displayingCards(UserPageTest.java:12)
at Test.UserPageTest.displayingCards(UserPageTest.java:12)
at Test.UserPageTest.displayingCards(UserPageTest.java:12)
at Test.UserPageTest.displayingCards(UserPageTest.java:12)
at Test.UserPageTest.displayingCards(UserPageTest.java:12)
at Test.UserPageTest.displayingCards(UserPageTest.java:12)
at Test.UserPageTest.displayingCards(UserPageTest.java:12)
at Test.UserPageTest.displayingCards(UserPageTest.java:12)
at Test.UserPageTest.displayingCards(UserPageTest.java:12)
at Test.UserPageTest.displayingCards(UserPageTest.java:12)
at Test.UserPageTest.displayingCards(UserPageTest.java:12)
at Test.UserPageTest.displayingCards(UserPageTest.java:12)
at Test.UserPageTest.displayingCards(UserPageTest.java:12)
at Test.UserPageTest.displayingCards(UserPageTest.java:12)
at Test.UserPageTest.displayingCards(UserPageTest.java:12)
at Test.UserPageTest.displayingCards(UserPageTest.java:12)
at Test.UserPageTest.displayingCards(UserPageTest.java:12)
at Test.UserPageTest.displayingCards(UserPageTest.java:12)
at Test.UserPageTest.displayingCards(UserPageTest.java:12)
at Test.UserPageTest.displayingCards(UserPageTest.java:12)
at Test.UserPageTest.displayingCards(UserPageTest.java:12)
at Test.UserPageTest.displayingCards(UserPageTest.java:12)
at Test.UserPageTest.displayingCards(UserPageTest.java:12)
at Test.UserPageTest.displayingCards(UserPageTest.java:12)
at Test.UserPageTest.displayingCards(UserPageTest.java:12)
at Test.UserPageTest.displayingCards(UserPageTest.java:12)
at Test.UserPageTest.displayingCards(UserPageTest.java:12)
at Test.UserPageTest.displayingCards(UserPageTest.java:12)
at Test.UserPageTest.displayingCards(UserPageTest.java:12)
at Test.UserPageTest.displayingCards(UserPageTest.java:12)
at Test.UserPageTest.displayingCards(UserPageTest.java:12)
at Test.UserPageTest.displayingCards(UserPageTest.java:12)
at Test.UserPageTest.displayingCards(UserPageTest.java:12)
at Test.UserPageTest.displayingCards(UserPageTest.java:12)
at Test.UserPageTest.displayingCards(UserPageTest.java:12)
at Test.UserPageTest.displayingCards(UserPageTest.java:12)
at Test.UserPageTest.displayingCards(UserPageTest.java:12)
at Test.UserPageTest.displayingCards(UserPageTest.java:12)
at Test.UserPageTest.displayingCards(UserPageTest.java:12)
at Test.UserPageTest.displayingCards(UserPageTest.java:12)
at Test.UserPageTest.displayingCards(UserPageTest.java:12)
at Test.UserPageTest.displayingCards(UserPageTest.java:12)
at Test.UserPageTest.displayingCards(UserPageTest.java:12)
at Test.UserPageTest.displayingCards(UserPageTest.java:12)
at Test.UserPageTest.displayingCards(UserPageTest.java:12)
at Test.UserPageTest.displayingCards(UserPageTest.java:12)
at Test.UserPageTest.displayingCards(UserPageTest.java:12)
at Test.UserPageTest.displayingCards(UserPageTest.java:12)
at Test.UserPageTest.displayingCards(UserPageTest.java:12)
at Test.UserPageTest.displayingCards(UserPageTest.java:12)
at Test.UserPageTest.displayingCards(UserPageTest.java:12)
at Test.UserPageTest.displayingCards(UserPageTest.java:12)
at Test.UserPageTest.displayingCards(UserPageTest.java:12)
at Test.UserPageTest.displayingCards(UserPageTest.java:12)
at Test.UserPageTest.displayingCards(UserPageTest.java:12)
at Test.UserPageTest.displayingCards(UserPageTest.java:12)
at Test.UserPageTest.displayingCards(UserPageTest.java:12)
at Test.UserPageTest.displayingCards(UserPageTest.java:12)
at Test.UserPageTest.displayingCards(UserPageTest.java:12)
at Test.UserPageTest.displayingCards(UserPageTest.java:12)
at Test.UserPageTest.displayingCards(UserPageTest.java:12)
at Test.UserPageTest.displayingCards(UserPageTest.java:12)
at Test.UserPageTest.displayingCards(UserPageTest.java:12)
at Test.UserPageTest.displayingCards(UserPageTest.java:12)
at Test.UserPageTest.displayingCards(UserPageTest.java:12)
at Test.UserPageTest.displayingCards(UserPageTest.java:12)
at Test.UserPageTest.displayingCards(UserPageTest.java:12)
at Test.UserPageTest.displayingCards(UserPageTest.java:12)
at Test.UserPageTest.displayingCards(UserPageTest.java:12)
at Test.UserPageTest.displayingCards(UserPageTest.java:12)
at Test.UserPageTest.displayingCards(UserPageTest.java:12)
at Test.UserPageTest.displayingCards(UserPageTest.java:12)
at Test.UserPageTest.displayingCards(UserPageTest.java:12)
at Test.UserPageTest.displayingCards(UserPageTest.java:12)
at Test.UserPageTest.displayingCards(UserPageTest.java:12)
at Test.UserPageTest.displayingCards(UserPageTest.java:12)
at Test.UserPageTest.displayingCards(UserPageTest.java:12)
at Test.UserPageTest.displayingCards(UserPageTest.java:12)
at Test.UserPageTest.displayingCards(UserPageTest.java:12)
at Test.UserPageTest.displayingCards(UserPageTest.java:12)
at Test.UserPageTest.displayingCards(UserPageTest.java:12)
at Test.UserPageTest.displayingCards(UserPageTest.java:12)
at Test.UserPageTest.displayingCards(UserPageTest.java:12)
at Test.UserPageTest.displayingCards(UserPageTest.java:12)
at Test.UserPageTest.displayingCards(UserPageTest.java:12)
at Test.UserPageTest.displayingCards(UserPageTest.java:12)
at Test.UserPageTest.displayingCards(UserPageTest.java:12)
at Test.UserPageTest.displayingCards(UserPageTest.java:12)
at Test.UserPageTest.displayingCards(UserPageTest.java:12)
at Test.UserPageTest.displayingCards(UserPageTest.java:12)
at Test.UserPageTest.displayingCards(UserPageTest.java:12)
at Test.UserPageTest.displayingCards(UserPageTest.java:12)
at Test.UserPageTest.displayingCards(UserPageTest.java:12)
at Test.UserPageTest.displayingCards(UserPageTest.java:12)
at Test.UserPageTest.displayingCards(UserPageTest.java:12)
at Test.UserPageTest.displayingCards(UserPageTest.java:12)
at Test.UserPageTest.displayingCards(UserPageTest.java:12)
at Test.UserPageTest.displayingCards(UserPageTest.java:12)
at Test.UserPageTest.displayingCards(UserPageTest.java:12)
at Test.UserPageTest.displayingCards(UserPageTest.java:12)
at Test.UserPageTest.displayingCards(UserPageTest.java:12)
at Test.UserPageTest.displayingCards(UserPageTest.java:12)
at Test.UserPageTest.displayingCards(UserPageTest.java:12)
at Test.UserPageTest.displayingCards(UserPageTest.java:12)
at Test.UserPageTest.displayingCards(UserPageTest.java:12)
at Test.UserPageTest.displayingCards(UserPageTest.java:12)
at Test.UserPageTest.displayingCards(UserPageTest.java:12)
at Test.UserPageTest.displayingCards(UserPageTest.java:12)
at Test.UserPageTest.displayingCards(UserPageTest.java:12)
at Test.UserPageTest.displayingCards(UserPageTest.java:12)
at Test.UserPageTest.displayingCards(UserPageTest.java:12)
at Test.UserPageTest.displayingCards(UserPageTest.java:12)
at Test.UserPageTest.displayingCards(UserPageTest.java:12)
at Test.UserPageTest.displayingCards(UserPageTest.java:12)
at Test.UserPageTest.displayingCards(UserPageTest.java:12)
at Test.UserPageTest.displayingCards(UserPageTest.java:12)
at Test.UserPageTest.displayingCards(UserPageTest.java:12)
at Test.UserPageTest.displayingCards(UserPageTest.java:12)
at Test.UserPageTest.displayingCards(UserPageTest.java:12)
at Test.UserPageTest.displayingCards(UserPageTest.java:12)
at Test.UserPageTest.displayingCards(UserPageTest.java:12)
at Test.UserPageTest.displayingCards(UserPageTest.java:12)
at Test.UserPageTest.displayingCards(UserPageTest.java:12)
at Test.UserPageTest.displayingCards(UserPageTest.java:12)
at Test.UserPageTest.displayingCards(UserPageTest.java:12)
at Test.UserPageTest.displayingCards(UserPageTest.java:12)
at Test.UserPageTest.displayingCards(UserPageTest.java:12)
at Test.UserPageTest.displayingCards(UserPageTest.java:12)
at Test.UserPageTest.displayingCards(UserPageTest.java:12)
at Test.UserPageTest.displayingCards(UserPageTest.java:12)
at Test.UserPageTest.displayingCards(UserPageTest.java:12)
at Test.UserPageTest.displayingCards(UserPageTest.java:12)
at Test.UserPageTest.displayingCards(UserPageTest.java:12)
at Test.UserPageTest.displayingCards(UserPageTest.java:12)
at Test.UserPageTest.displayingCards(UserPageTest.java:12)
at Test.UserPageTest.displayingCards(UserPageTest.java:12)
at Test.UserPageTest.displayingCards(UserPageTest.java:12)
at Test.UserPageTest.displayingCards(UserPageTest.java:12)
at Test.UserPageTest.displayingCards(UserPageTest.java:12)
at Test.UserPageTest.displayingCards(UserPageTest.java:12)
at Test.UserPageTest.displayingCards(UserPageTest.java:12)
at Test.UserPageTest.displayingCards(UserPageTest.java:12)
at Test.UserPageTest.displayingCards(UserPageTest.java:12)
at Test.UserPageTest.displayingCards(UserPageTest.java:12)
at Test.UserPageTest.displayingCards(UserPageTest.java:12)
at Test.UserPageTest.displayingCards(UserPageTest.java:12)
at Test.UserPageTest.displayingCards(UserPageTest.java:12)
at Test.UserPageTest.displayingCards(UserPageTest.java:12)
at Test.UserPageTest.displayingCards(UserPageTest.java:12)
at Test.UserPageTest.displayingCards(UserPageTest.java:12)
at Test.UserPageTest.displayingCards(UserPageTest.java:12)
at Test.UserPageTest.displayingCards(UserPageTest.java:12)
at Test.UserPageTest.displayingCards(UserPageTest.java:12)
at Test.UserPageTest.displayingCards(UserPageTest.java:12)
at Test.UserPageTest.displayingCards(UserPageTest.java:12)
at Test.UserPageTest.displayingCards(UserPageTest.java:12)
at Test.UserPageTest.displayingCards(UserPageTest.java:12)
at Test.UserPageTest.displayingCards(UserPageTest.java:12)
at Test.UserPageTest.displayingCards(UserPageTest.java:12)
at Test.UserPageTest.displayingCards(UserPageTest.java:12)
at Test.UserPageTest.displayingCards(UserPageTest.java:12)
at Test.UserPageTest.displayingCards(UserPageTest.java:12)
at Test.UserPageTest.displayingCards(UserPageTest.java:12)
at Test.UserPageTest.displayingCards(UserPageTest.java:12)
at Test.UserPageTest.displayingCards(UserPageTest.java:12)
at Test.UserPageTest.displayingCards(UserPageTest.java:12)
at Test.UserPageTest.displayingCards(UserPageTest.java:12)
at Test.UserPageTest.displayingCards(UserPageTest.java:12)
at Test.UserPageTest.displayingCards(UserPageTest.java:12)
at Test.UserPageTest.displayingCards(UserPageTest.java:12)
at Test.UserPageTest.displayingCards(UserPageTest.java:12)
at Test.UserPageTest.displayingCards(UserPageTest.java:12)
at Test.UserPageTest.displayingCards(UserPageTest.java:12)
at Test.UserPageTest.displayingCards(UserPageTest.java:12)
at Test.UserPageTest.displayingCards(UserPageTest.java:12)
at Test.UserPageTest.displayingCards(UserPageTest.java:12)
at Test.UserPageTest.displayingCards(UserPageTest.java:12)
at Test.UserPageTest.displayingCards(UserPageTest.java:12)
at Test.UserPageTest.displayingCards(UserPageTest.java:12)
at Test.UserPageTest.displayingCards(UserPageTest.java:12)
at Test.UserPageTest.displayingCards(UserPageTest.java:12)
at Test.UserPageTest.displayingCards(UserPageTest.java:12)
at Test.UserPageTest.displayingCards(UserPageTest.java:12)
at Test.UserPageTest.displayingCards(UserPageTest.java:12)
at Test.UserPageTest.displayingCards(UserPageTest.java:12)
at Test.UserPageTest.displayingCards(UserPageTest.java:12)
at Test.UserPageTest.displayingCards(UserPageTest.java:12)
at Test.UserPageTest.displayingCards(UserPageTest.java:12)
at Test.UserPageTest.displayingCards(UserPageTest.java:12)
at Test.UserPageTest.displayingCards(UserPageTest.java:12)
at Test.UserPageTest.displayingCards(UserPageTest.java:12)
at Test.UserPageTest.displayingCards(UserPageTest.java:12)
at Test.UserPageTest.displayingCards(UserPageTest.java:12)
at Test.UserPageTest.displayingCards(UserPageTest.java:12)
at Test.UserPageTest.displayingCards(UserPageTest.java:12)
at Test.UserPageTest.displayingCards(UserPageTest.java:12)
at Test.UserPageTest.displayingCards(UserPageTest.java:12)
at Test.UserPageTest.displayingCards(UserPageTest.java:12)
at Test.UserPageTest.displayingCards(UserPageTest.java:12)
at Test.UserPageTest.displayingCards(UserPageTest.java:12)
at Test.UserPageTest.displayingCards(UserPageTest.java:12)
at Test.UserPageTest.displayingCards(UserPageTest.java:12)
at Test.UserPageTest.displayingCards(UserPageTest.java:12)
at Test.UserPageTest.displayingCards(UserPageTest.java:12)
at Test.UserPageTest.displayingCards(UserPageTest.java:12)
at Test.UserPageTest.displayingCards(UserPageTest.java:12)
at Test.UserPageTest.displayingCards(UserPageTest.java:12)
at Test.UserPageTest.displayingCards(UserPageTest.java:12)
at Test.UserPageTest.displayingCards(UserPageTest.java:12)
at Test.UserPageTest.displayingCards(UserPageTest.java:12)
at Test.UserPageTest.displayingCards(UserPageTest.java:12)
at Test.UserPageTest.displayingCards(UserPageTest.java:12)
at Test.UserPageTest.displayingCards(UserPageTest.java:12)
at Test.UserPageTest.displayingCards(UserPageTest.java:12)
at Test.UserPageTest.displayingCards(UserPageTest.java:12)
at Test.UserPageTest.displayingCards(UserPageTest.java:12)
at Test.UserPageTest.displayingCards(UserPageTest.java:12)
at Test.UserPageTest.displayingCards(UserPageTest.java:12)
at Test.UserPageTest.displayingCards(UserPageTest.java:12)
at Test.UserPageTest.displayingCards(UserPageTest.java:12)
at Test.UserPageTest.displayingCards(UserPageTest.java:12)
at Test.UserPageTest.displayingCards(UserPageTest.java:12)
at Test.UserPageTest.displayingCards(UserPageTest.java:12)
at Test.UserPageTest.displayingCards(UserPageTest.java:12)
at Test.UserPageTest.displayingCards(UserPageTest.java:12)
at Test.UserPageTest.displayingCards(UserPageTest.java:12)
at Test.UserPageTest.displayingCards(UserPageTest.java:12)
at Test.UserPageTest.displayingCards(UserPageTest.java:12)
at Test.UserPageTest.displayingCards(UserPageTest.java:12)
at Test.UserPageTest.displayingCards(UserPageTest.java:12)
at Test.UserPageTest.displayingCards(UserPageTest.java:12)
at Test.UserPageTest.displayingCards(UserPageTest.java:12)
at Test.UserPageTest.displayingCards(UserPageTest.java:12)
at Test.UserPageTest.displayingCards(UserPageTest.java:12)
at Test.UserPageTest.displayingCards(UserPageTest.java:12)
at Test.UserPageTest.displayingCards(UserPageTest.java:12)
at Test.UserPageTest.displayingCards(UserPageTest.java:12)
at Test.UserPageTest.displayingCards(UserPageTest.java:12)
at Test.UserPageTest.displayingCards(UserPageTest.java:12)
at Test.UserPageTest.displayingCards(UserPageTest.java:12)
at Test.UserPageTest.displayingCards(UserPageTest.java:12)
at Test.UserPageTest.displayingCards(UserPageTest.java:12)
at Test.UserPageTest.displayingCards(UserPageTest.java:12)
at Test.UserPageTest.displayingCards(UserPageTest.java:12)
at Test.UserPageTest.displayingCards(UserPageTest.java:12)
at Test.UserPageTest.displayingCards(UserPageTest.java:12)
at Test.UserPageTest.displayingCards(UserPageTest.java:12)
at Test.UserPageTest.displayingCards(UserPageTest.java:12)
at Test.UserPageTest.displayingCards(UserPageTest.java:12)
at Test.UserPageTest.displayingCards(UserPageTest.java:12)
at Test.UserPageTest.displayingCards(UserPageTest.java:12)
at Test.UserPageTest.displayingCards(UserPageTest.java:12)
at Test.UserPageTest.displayingCards(UserPageTest.java:12)
at Test.UserPageTest.displayingCards(UserPageTest.java:12)
at Test.UserPageTest.displayingCards(UserPageTest.java:12)
at Test.UserPageTest.displayingCards(UserPageTest.java:12)
at Test.UserPageTest.displayingCards(UserPageTest.java:12)
at Test.UserPageTest.displayingCards(UserPageTest.java:12)
at Test.UserPageTest.displayingCards(UserPageTest.java:12)
at Test.UserPageTest.displayingCards(UserPageTest.java:12)
at Test.UserPageTest.displayingCards(UserPageTest.java:12)
at Test.UserPageTest.displayingCards(UserPageTest.java:12)
at Test.UserPageTest.displayingCards(UserPageTest.java:12)
at Test.UserPageTest.displayingCards(UserPageTest.java:12)
at Test.UserPageTest.displayingCards(UserPageTest.java:12)
at Test.UserPageTest.displayingCards(UserPageTest.java:12)
at Test.UserPageTest.displayingCards(UserPageTest.java:12)
at Test.UserPageTest.displayingCards(UserPageTest.java:12)
at Test.UserPageTest.displayingCards(UserPageTest.java:12)
at Test.UserPageTest.displayingCards(UserPageTest.java:12)
at Test.UserPageTest.displayingCards(UserPageTest.java:12)
at Test.UserPageTest.displayingCards(UserPageTest.java:12)
at Test.UserPageTest.displayingCards(UserPageTest.java:12)
at Test.UserPageTest.displayingCards(UserPageTest.java:12)
at Test.UserPageTest.displayingCards(UserPageTest.java:12)
at Test.UserPageTest.displayingCards(UserPageTest.java:12)
at Test.UserPageTest.displayingCards(UserPageTest.java:12)
at Test.UserPageTest.displayingCards(UserPageTest.java:12)
at Test.UserPageTest.displayingCards(UserPageTest.java:12)
at Test.UserPageTest.displayingCards(UserPageTest.java:12)
at Test.UserPageTest.displayingCards(UserPageTest.java:12)
at Test.UserPageTest.displayingCards(UserPageTest.java:12)
at Test.UserPageTest.displayingCards(UserPageTest.java:12)
at Test.UserPageTest.displayingCards(UserPageTest.java:12)
at Test.UserPageTest.displayingCards(UserPageTest.java:12)
at Test.UserPageTest.displayingCards(UserPageTest.java:12)
at Test.UserPageTest.displayingCards(UserPageTest.java:12)
at Test.UserPageTest.displayingCards(UserPageTest.java:12)
at Test.UserPageTest.displayingCards(UserPageTest.java:12)
at Test.UserPageTest.displayingCards(UserPageTest.java:12)
at Test.UserPageTest.displayingCards(UserPageTest.java:12)
at Test.UserPageTest.displayingCards(UserPageTest.java:12)
at Test.UserPageTest.displayingCards(UserPageTest.java:12)
at Test.UserPageTest.displayingCards(UserPageTest.java:12)
at Test.UserPageTest.displayingCards(UserPageTest.java:12)
at Test.UserPageTest.displayingCards(UserPageTest.java:12)
at Test.UserPageTest.displayingCards(UserPageTest.java:12)
at Test.UserPageTest.displayingCards(UserPageTest.java:12)
at Test.UserPageTest.displayingCards(UserPageTest.java:12)
at Test.UserPageTest.displayingCards(UserPageTest.java:12)
at Test.UserPageTest.displayingCards(UserPageTest.java:12)
at Test.UserPageTest.displayingCards(UserPageTest.java:12)
at Test.UserPageTest.displayingCards(UserPageTest.java:12)
at Test.UserPageTest.displayingCards(UserPageTest.java:12)
at Test.UserPageTest.displayingCards(UserPageTest.java:12)
at Test.UserPageTest.displayingCards(UserPageTest.java:12)
at Test.UserPageTest.displayingCards(UserPageTest.java:12)
at Test.UserPageTest.displayingCards(UserPageTest.java:12)
at Test.UserPageTest.displayingCards(UserPageTest.java:12)
at Test.UserPageTest.displayingCards(UserPageTest.java:12)
at Test.UserPageTest.displayingCards(UserPageTest.java:12)
at Test.UserPageTest.displayingCards(UserPageTest.java:12)
at Test.UserPageTest.displayingCards(UserPageTest.java:12)
at Test.UserPageTest.displayingCards(UserPageTest.java:12)
at Test.UserPageTest.displayingCards(UserPageTest.java:12)
at Test.UserPageTest.displayingCards(UserPageTest.java:12)
at Test.UserPageTest.displayingCards(UserPageTest.java:12)
at Test.UserPageTest.displayingCards(UserPageTest.java:12)
at Test.UserPageTest.displayingCards(UserPageTest.java:12)
at Test.UserPageTest.displayingCards(UserPageTest.java:12)
at Test.UserPageTest.displayingCards(UserPageTest.java:12)
at Test.UserPageTest.displayingCards(UserPageTest.java:12)
at Test.UserPageTest.displayingCards(UserPageTest.java:12)
at Test.UserPageTest.displayingCards(UserPageTest.java:12)
at Test.UserPageTest.displayingCards(UserPageTest.java:12)
at Test.UserPageTest.displayingCards(UserPageTest.java:12)
at Test.UserPageTest.displayingCards(UserPageTest.java:12)
at Test.UserPageTest.displayingCards(UserPageTest.java:12)
at Test.UserPageTest.displayingCards(UserPageTest.java:12)
at Test.UserPageTest.displayingCards(UserPageTest.java:12)
at Test.UserPageTest.displayingCards(UserPageTest.java:12)
at Test.UserPageTest.displayingCards(UserPageTest.java:12)
at Test.UserPageTest.displayingCards(UserPageTest.java:12)
at Test.UserPageTest.displayingCards(UserPageTest.java:12)
at Test.UserPageTest.displayingCards(UserPageTest.java:12)
at Test.UserPageTest.displayingCards(UserPageTest.java:12)
at Test.UserPageTest.displayingCards(UserPageTest.java:12)
at Test.UserPageTest.displayingCards(UserPageTest.java:12)
at Test.UserPageTest.displayingCards(UserPageTest.java:12)
at Test.UserPageTest.displayingCards(UserPageTest.java:12)
at Test.UserPageTest.displayingCards(UserPageTest.java:12)
at Test.UserPageTest.displayingCards(UserPageTest.java:12)
at Test.UserPageTest.displayingCards(UserPageTest.java:12)
at Test.UserPageTest.displayingCards(UserPageTest.java:12)
at Test.UserPageTest.displayingCards(UserPageTest.java:12)
at Test.UserPageTest.displayingCards(UserPageTest.java:12)
at Test.UserPageTest.displayingCards(UserPageTest.java:12)
at Test.UserPageTest.displayingCards(UserPageTest.java:12)
at Test.UserPageTest.displayingCards(UserPageTest.java:12)
at Test.UserPageTest.displayingCards(UserPageTest.java:12)
at Test.UserPageTest.displayingCards(UserPageTest.java:12)
at Test.UserPageTest.displayingCards(UserPageTest.java:12)
at Test.UserPageTest.displayingCards(UserPageTest.java:12)
at Test.UserPageTest.displayingCards(UserPageTest.java:12)
at Test.UserPageTest.displayingCards(UserPageTest.java:12)
at Test.UserPageTest.displayingCards(UserPageTest.java:12)
at Test.UserPageTest.displayingCards(UserPageTest.java:12)
at Test.UserPageTest.displayingCards(UserPageTest.java:12)
at Test.UserPageTest.displayingCards(UserPageTest.java:12)
at Test.UserPageTest.displayingCards(UserPageTest.java:12)
at Test.UserPageTest.displayingCards(UserPageTest.java:12)
at Test.UserPageTest.displayingCards(UserPageTest.java:12)
at Test.UserPageTest.displayingCards(UserPageTest.java:12)
at Test.UserPageTest.displayingCards(UserPageTest.java:12)
at Test.UserPageTest.displayingCards(UserPageTest.java:12)
at Test.UserPageTest.displayingCards(UserPageTest.java:12)
at Test.UserPageTest.displayingCards(UserPageTest.java:12)
at Test.UserPageTest.displayingCards(UserPageTest.java:12)
at Test.UserPageTest.displayingCards(UserPageTest.java:12)
at Test.UserPageTest.displayingCards(UserPageTest.java:12)
at Test.UserPageTest.displayingCards(UserPageTest.java:12)
at Test.UserPageTest.displayingCards(UserPageTest.java:12)
at Test.UserPageTest.displayingCards(UserPageTest.java:12)
at Test.UserPageTest.displayingCards(UserPageTest.java:12)
at Test.UserPageTest.displayingCards(UserPageTest.java:12)
at Test.UserPageTest.displayingCards(UserPageTest.java:12)
at Test.UserPageTest.displayingCards(UserPageTest.java:12)
at Test.UserPageTest.displayingCards(UserPageTest.java:12)
at Test.UserPageTest.displayingCards(UserPageTest.java:12)
at Test.UserPageTest.displayingCards(UserPageTest.java:12)
at Test.UserPageTest.displayingCards(UserPageTest.java:12)
at Test.UserPageTest.displayingCards(UserPageTest.java:12)
at Test.UserPageTest.displayingCards(UserPageTest.java:12)
at Test.UserPageTest.displayingCards(UserPageTest.java:12)
at Test.UserPageTest.displayingCards(UserPageTest.java:12)
at Test.UserPageTest.displayingCards(UserPageTest.java:12)
at Test.UserPageTest.displayingCards(UserPageTest.java:12)
at Test.UserPageTest.displayingCards(UserPageTest.java:12)
at Test.UserPageTest.displayingCards(UserPageTest.java:12)
at Test.UserPageTest.displayingCards(UserPageTest.java:12)
at Test.UserPageTest.displayingCards(UserPageTest.java:12)
at Test.UserPageTest.displayingCards(UserPageTest.java:12)
at Test.UserPageTest.displayingCards(UserPageTest.java:12)
at Test.UserPageTest.displayingCards(UserPageTest.java:12)
at Test.UserPageTest.displayingCards(UserPageTest.java:12)
at Test.UserPageTest.displayingCards(UserPageTest.java:12)
at Test.UserPageTest.displayingCards(UserPageTest.java:12)
at Test.UserPageTest.displayingCards(UserPageTest.java:12)
at Test.UserPageTest.displayingCards(UserPageTest.java:12)
at Test.UserPageTest.displayingCards(UserPageTest.java:12)
at Test.UserPageTest.displayingCards(UserPageTest.java:12)
at Test.UserPageTest.displayingCards(UserPageTest.java:12)
at Test.UserPageTest.displayingCards(UserPageTest.java:12)
at Test.UserPageTest.displayingCards(UserPageTest.java:12)
at Test.UserPageTest.displayingCards(UserPageTest.java:12)
at Test.UserPageTest.displayingCards(UserPageTest.java:12)
at Test.UserPageTest.displayingCards(UserPageTest.java:12)
at Test.UserPageTest.displayingCards(UserPageTest.java:12)
at Test.UserPageTest.displayingCards(UserPageTest.java:12)
at Test.UserPageTest.displayingCards(UserPageTest.java:12)
at Test.UserPageTest.displayingCards(UserPageTest.java:12)
at Test.UserPageTest.displayingCards(UserPageTest.java:12)
at Test.UserPageTest.displayingCards(UserPageTest.java:12)
at Test.UserPageTest.displayingCards(UserPageTest.java:12)
at Test.UserPageTest.displayingCards(UserPageTest.java:12)
at Test.UserPageTest.displayingCards(UserPageTest.java:12)
at Test.UserPageTest.displayingCards(UserPageTest.java:12)
at Test.UserPageTest.displayingCards(UserPageTest.java:12)
at Test.UserPageTest.displayingCards(UserPageTest.java:12)
at Test.UserPageTest.displayingCards(UserPageTest.java:12)
at Test.UserPageTest.displayingCards(UserPageTest.java:12)
at Test.UserPageTest.displayingCards(UserPageTest.java:12)
at Test.UserPageTest.displayingCards(UserPageTest.java:12)
at Test.UserPageTest.displayingCards(UserPageTest.java:12)
at Test.UserPageTest.displayingCards(UserPageTest.java:12)
at Test.UserPageTest.displayingCards(UserPageTest.java:12)
at Test.UserPageTest.displayingCards(UserPageTest.java:12)
at Test.UserPageTest.displayingCards(UserPageTest.java:12)
at Test.UserPageTest.displayingCards(UserPageTest.java:12)
at Test.UserPageTest.displayingCards(UserPageTest.java:12)
at Test.UserPageTest.displayingCards(UserPageTest.java:12)
at Test.UserPageTest.displayingCards(UserPageTest.java:12)
at Test.UserPageTest.displayingCards(UserPageTest.java:12)
at Test.UserPageTest.displayingCards(UserPageTest.java:12)
at Test.UserPageTest.displayingCards(UserPageTest.java:12)
at Test.UserPageTest.displayingCards(UserPageTest.java:12)
at Test.UserPageTest.displayingCards(UserPageTest.java:12)
at Test.UserPageTest.displayingCards(UserPageTest.java:12)
at Test.UserPageTest.displayingCards(UserPageTest.java:12)
at Test.UserPageTest.displayingCards(UserPageTest.java:12)
at Test.UserPageTest.displayingCards(UserPageTest.java:12)
at Test.UserPageTest.displayingCards(UserPageTest.java:12)
at Test.UserPageTest.displayingCards(UserPageTest.java:12)
at Test.UserPageTest.displayingCards(UserPageTest.java:12)
at Test.UserPageTest.displayingCards(UserPageTest.java:12)
at Test.UserPageTest.displayingCards(UserPageTest.java:12)
at Test.UserPageTest.displayingCards(UserPageTest.java:12)
at Test.UserPageTest.displayingCards(UserPageTest.java:12)
at Test.UserPageTest.displayingCards(UserPageTest.java:12)
at Test.UserPageTest.displayingCards(UserPageTest.java:12)
at Test.UserPageTest.displayingCards(UserPageTest.java:12)
at Test.UserPageTest.displayingCards(UserPageTest.java:12)
at Test.UserPageTest.displayingCards(UserPageTest.java:12)
at Test.UserPageTest.displayingCards(UserPageTest.java:12)
at Test.UserPageTest.displayingCards(UserPageTest.java:12)
at Test.UserPageTest.displayingCards(UserPageTest.java:12)
at Test.UserPageTest.displayingCards(UserPageTest.java:12)
at Test.UserPageTest.displayingCards(UserPageTest.java:12)
at Test.UserPageTest.displayingCards(UserPageTest.java:12)
at Test.UserPageTest.displayingCards(UserPageTest.java:12)
at Test.UserPageTest.displayingCards(UserPageTest.java:12)
at Test.UserPageTest.displayingCards(UserPageTest.java:12)
at Test.UserPageTest.displayingCards(UserPageTest.java:12)
at Test.UserPageTest.displayingCards(UserPageTest.java:12)
at Test.UserPageTest.displayingCards(UserPageTest.java:12)
at Test.UserPageTest.displayingCards(UserPageTest.java:12)
at Test.UserPageTest.displayingCards(UserPageTest.java:12)
at Test.UserPageTest.displayingCards(UserPageTest.java:12)
at Test.UserPageTest.displayingCards(UserPageTest.java:12)
at Test.UserPageTest.displayingCards(UserPageTest.java:12)
at Test.UserPageTest.displayingCards(UserPageTest.java:12)
at Test.UserPageTest.displayingCards(UserPageTest.java:12)
at Test.UserPageTest.displayingCards(UserPageTest.java:12)
at Test.UserPageTest.displayingCards(UserPageTest.java:12)
at Test.UserPageTest.displayingCards(UserPageTest.java:12)
at Test.UserPageTest.displayingCards(UserPageTest.java:12)
at Test.UserPageTest.displayingCards(UserPageTest.java:12)
at Test.UserPageTest.displayingCards(UserPageTest.java:12)
at Test.UserPageTest.displayingCards(UserPageTest.java:12)
at Test.UserPageTest.displayingCards(UserPageTest.java:12)
at Test.UserPageTest.displayingCards(UserPageTest.java:12)
at Test.UserPageTest.displayingCards(UserPageTest.java:12)
at Test.UserPageTest.displayingCards(UserPageTest.java:12)
at Test.UserPageTest.displayingCards(UserPageTest.java:12)
at Test.UserPageTest.displayingCards(UserPageTest.java:12)
at Test.UserPageTest.displayingCards(UserPageTest.java:12)
at Test.UserPageTest.displayingCards(UserPageTest.java:12)
at Test.UserPageTest.displayingCards(UserPageTest.java:12)
at Test.UserPageTest.displayingCards(UserPageTest.java:12)
at Test.UserPageTest.displayingCards(UserPageTest.java:12)
at Test.UserPageTest.displayingCards(UserPageTest.java:12)
at Test.UserPageTest.displayingCards(UserPageTest.java:12)
at Test.UserPageTest.displayingCards(UserPageTest.java:12)
at Test.UserPageTest.displayingCards(UserPageTest.java:12)
at Test.UserPageTest.displayingCards(UserPageTest.java:12)
at Test.UserPageTest.displayingCards(UserPageTest.java:12)
at Test.UserPageTest.displayingCards(UserPageTest.java:12)
at Test.UserPageTest.displayingCards(UserPageTest.java:12)
at Test.UserPageTest.displayingCards(UserPageTest.java:12)
at Test.UserPageTest.displayingCards(UserPageTest.java:12)
at Test.UserPageTest.displayingCards(UserPageTest.java:12)
at Test.UserPageTest.displayingCards(UserPageTest.java:12)
at Test.UserPageTest.displayingCards(UserPageTest.java:12)
at Test.UserPageTest.displayingCards(UserPageTest.java:12)
at Test.UserPageTest.displayingCards(UserPageTest.java:12)
at Test.UserPageTest.displayingCards(UserPageTest.java:12)
at Test.UserPageTest.displayingCards(UserPageTest.java:12)
at Test.UserPageTest.displayingCards(UserPageTest.java:12)
at Test.UserPageTest.displayingCards(UserPageTest.java:12)
at Test.UserPageTest.displayingCards(UserPageTest.java:12)
at Test.UserPageTest.displayingCards(UserPageTest.java:12)
at Test.UserPageTest.displayingCards(UserPageTest.java:12)
at Test.UserPageTest.displayingCards(UserPageTest.java:12)
at Test.UserPageTest.displayingCards(UserPageTest.java:12)
at Test.UserPageTest.displayingCards(UserPageTest.java:12)
at Test.UserPageTest.displayingCards(UserPageTest.java:12)
at Test.UserPageTest.displayingCards(UserPageTest.java:12)
at Test.UserPageTest.displayingCards(UserPageTest.java:12)
at Test.UserPageTest.displayingCards(UserPageTest.java:12)
at Test.UserPageTest.displayingCards(UserPageTest.java:12)
at Test.UserPageTest.displayingCards(UserPageTest.java:12)
at Test.UserPageTest.displayingCards(UserPageTest.java:12)
at Test.UserPageTest.displayingCards(UserPageTest.java:12)
at Test.UserPageTest.displayingCards(UserPageTest.java:12)
at Test.UserPageTest.displayingCards(UserPageTest.java:12)
at Test.UserPageTest.displayingCards(UserPageTest.java:12)
at Test.UserPageTest.displayingCards(UserPageTest.java:12)
at Test.UserPageTest.displayingCards(UserPageTest.java:12)
at Test.UserPageTest.displayingCards(UserPageTest.java:12)
at Test.UserPageTest.displayingCards(UserPageTest.java:12)
at Test.UserPageTest.displayingCards(UserPageTest.java:12)
at Test.UserPageTest.displayingCards(UserPageTest.java:12)
at Test.UserPageTest.displayingCards(UserPageTest.java:12)
at Test.UserPageTest.displayingCards(UserPageTest.java:12)
at Test.UserPageTest.displayingCards(UserPageTest.java:12)
at Test.UserPageTest.displayingCards(UserPageTest.java:12)
at Test.UserPageTest.displayingCards(UserPageTest.java:12)
at Test.UserPageTest.displayingCards(UserPageTest.java:12)
at Test.UserPageTest.displayingCards(UserPageTest.java:12)
at Test.UserPageTest.displayingCards(UserPageTest.java:12)
at Test.UserPageTest.displayingCards(UserPageTest.java:12)
at Test.UserPageTest.displayingCards(UserPageTest.java:12)
at Test.UserPageTest.displayingCards(UserPageTest.java:12)
at Test.UserPageTest.displayingCards(UserPageTest.java:12)
at Test.UserPageTest.displayingCards(UserPageTest.java:12)
at Test.UserPageTest.displayingCards(UserPageTest.java:12)
at Test.UserPageTest.displayingCards(UserPageTest.java:12)
at Test.UserPageTest.displayingCards(UserPageTest.java:12)
at Test.UserPageTest.displayingCards(UserPageTest.java:12)
at Test.UserPageTest.displayingCards(UserPageTest.java:12)
at Test.UserPageTest.displayingCards(UserPageTest.java:12)
at Test.UserPageTest.displayingCards(UserPageTest.java:12)
at Test.UserPageTest.displayingCards(UserPageTest.java:12)
at Test.UserPageTest.displayingCards(UserPageTest.java:12)
at Test.UserPageTest.displayingCards(UserPageTest.java:12)
at Test.UserPageTest.displayingCards(UserPageTest.java:12)
at Test.UserPageTest.displayingCards(UserPageTest.java:12)
at Test.UserPageTest.displayingCards(UserPageTest.java:12)
at Test.UserPageTest.displayingCards(UserPageTest.java:12)
at Test.UserPageTest.displayingCards(UserPageTest.java:12)
at Test.UserPageTest.displayingCards(UserPageTest.java:12)
at Test.UserPageTest.displayingCards(UserPageTest.java:12)
at Test.UserPageTest.displayingCards(UserPageTest.java:12)
at Test.UserPageTest.displayingCards(UserPageTest.java:12)
at Test.UserPageTest.displayingCards(UserPageTest.java:12)
at Test.UserPageTest.displayingCards(UserPageTest.java:12)
at Test.UserPageTest.displayingCards(UserPageTest.java:12)
at Test.UserPageTest.displayingCards(UserPageTest.java:12)
at Test.UserPageTest.displayingCards(UserPageTest.java:12)
at Test.UserPageTest.displayingCards(UserPageTest.java:12)
at Test.UserPageTest.displayingCards(UserPageTest.java:12)
at Test.UserPageTest.displayingCards(UserPageTest.java:12)
at Test.UserPageTest.displayingCards(UserPageTest.java:12)
at Test.UserPageTest.displayingCards(UserPageTest.java:12)
at Test.UserPageTest.displayingCards(UserPageTest.java:12)
at Test.UserPageTest.displayingCards(UserPageTest.java:12)
at Test.UserPageTest.displayingCards(UserPageTest.java:12)
at Test.UserPageTest.displayingCards(UserPageTest.java:12)
at Test.UserPageTest.displayingCards(UserPageTest.java:12)
at Test.UserPageTest.displayingCards(UserPageTest.java:12)
at Test.UserPageTest.displayingCards(UserPageTest.java:12)
at Test.UserPageTest.displayingCards(UserPageTest.java:12)
at Test.UserPageTest.displayingCards(UserPageTest.java:12)
at Test.UserPageTest.displayingCards(UserPageTest.java:12)
at Test.UserPageTest.displayingCards(UserPageTest.java:12)
at Test.UserPageTest.displayingCards(UserPageTest.java:12)
at Test.UserPageTest.displayingCards(UserPageTest.java:12)
at Test.UserPageTest.displayingCards(UserPageTest.java:12)
at Test.UserPageTest.displayingCards(UserPageTest.java:12)
at Test.UserPageTest.displayingCards(UserPageTest.java:12)
at Test.UserPageTest.displayingCards(UserPageTest.java:12)
at Test.UserPageTest.displayingCards(UserPageTest.java:12)
at Test.UserPageTest.displayingCards(UserPageTest.java:12)
at Test.UserPageTest.displayingCards(UserPageTest.java:12)
at Test.UserPageTest.displayingCards(UserPageTest.java:12)
at Test.UserPageTest.displayingCards(UserPageTest.java:12)
at Test.UserPageTest.displayingCards(UserPageTest.java:12)
at Test.UserPageTest.displayingCards(UserPageTest.java:12)
at Test.UserPageTest.displayingCards(UserPageTest.java:12)
at Test.UserPageTest.displayingCards(UserPageTest.java:12)
at Test.UserPageTest.displayingCards(UserPageTest.java:12)
at Test.UserPageTest.displayingCards(UserPageTest.java:12)
at Test.UserPageTest.displayingCards(UserPageTest.java:12)
at Test.UserPageTest.displayingCards(UserPageTest.java:12)
at Test.UserPageTest.displayingCards(UserPageTest.java:12)
at Test.UserPageTest.displayingCards(UserPageTest.java:12)
at Test.UserPageTest.displayingCards(UserPageTest.java:12)
at Test.UserPageTest.displayingCards(UserPageTest.java:12)
at Test.UserPageTest.displayingCards(UserPageTest.java:12)
at Test.UserPageTest.displayingCards(UserPageTest.java:12)
at Test.UserPageTest.displayingCards(UserPageTest.java:12)
at Test.UserPageTest.displayingCards(UserPageTest.java:12)
at Test.UserPageTest.displayingCards(UserPageTest.java:12)
at Test.UserPageTest.displayingCards(UserPageTest.java:12)
at Test.UserPageTest.displayingCards(UserPageTest.java:12)
at Test.UserPageTest.displayingCards(UserPageTest.java:12)
at Test.UserPageTest.displayingCards(UserPageTest.java:12)
at Test.UserPageTest.displayingCards(UserPageTest.java:12)
at Test.UserPageTest.displayingCards(UserPageTest.java:12)
at Test.UserPageTest.displayingCards(UserPageTest.java:12)
at Test.UserPageTest.displayingCards(UserPageTest.java:12)
at Test.UserPageTest.displayingCards(UserPageTest.java:12)
at Test.UserPageTest.displayingCards(UserPageTest.java:12)
at Test.UserPageTest.displayingCards(UserPageTest.java:12)
at Test.UserPageTest.displayingCards(UserPageTest.java:12)
at Test.UserPageTest.displayingCards(UserPageTest.java:12)
at Test.UserPageTest.displayingCards(UserPageTest.java:12)
at Test.UserPageTest.displayingCards(UserPageTest.java:12)
at Test.UserPageTest.displayingCards(UserPageTest.java:12)
at Test.UserPageTest.displayingCards(UserPageTest.java:12)
at Test.UserPageTest.displayingCards(UserPageTest.java:12)
at Test.UserPageTest.displayingCards(UserPageTest.java:12)
at Test.UserPageTest.displayingCards(UserPageTest.java:12)
at Test.UserPageTest.displayingCards(UserPageTest.java:12)
at Test.UserPageTest.displayingCards(UserPageTest.java:12)
at Test.UserPageTest.displayingCards(UserPageTest.java:12)
at Test.UserPageTest.displayingCards(UserPageTest.java:12)
at Test.UserPageTest.displayingCards(UserPageTest.java:12)
at Test.UserPageTest.displayingCards(UserPageTest.java:12)
at Test.UserPageTest.displayingCards(UserPageTest.java:12)
at Test.UserPageTest.displayingCards(UserPageTest.java:12)
at Test.UserPageTest.displayingCards(UserPageTest.java:12)
at Test.UserPageTest.displayingCards(UserPageTest.java:12)
at Test.UserPageTest.displayingCards(UserPageTest.java:12)
at Test.UserPageTest.displayingCards(UserPageTest.java:12)
at Test.UserPageTest.displayingCards(UserPageTest.java:12)
at Test.UserPageTest.displayingCards(UserPageTest.java:12)
at Test.UserPageTest.displayingCards(UserPageTest.java:12)
at Test.UserPageTest.displayingCards(UserPageTest.java:12)
at Test.UserPageTest.displayingCards(UserPageTest.java:12)
at Test.UserPageTest.displayingCards(UserPageTest.java:12)
at Test.UserPageTest.displayingCards(UserPageTest.java:12)
at Test.UserPageTest.displayingCards(UserPageTest.java:12)
at Test.UserPageTest.displayingCards(UserPageTest.java:12)
at Test.UserPageTest.displayingCards(UserPageTest.java:12)
at Test.UserPageTest.displayingCards(UserPageTest.java:12)
at Test.UserPageTest.displayingCards(UserPageTest.java:12)
at Test.UserPageTest.displayingCards(UserPageTest.java:12)
at Test.UserPageTest.displayingCards(UserPageTest.java:12)
at Test.UserPageTest.displayingCards(UserPageTest.java:12)
at Test.UserPageTest.displayingCards(UserPageTest.java:12)
at Test.UserPageTest.displayingCards(UserPageTest.java:12)
at Test.UserPageTest.displayingCards(UserPageTest.java:12)
at Test.UserPageTest.displayingCards(UserPageTest.java:12)
at Test.UserPageTest.displayingCards(UserPageTest.java:12)
at Test.UserPageTest.displayingCards(UserPageTest.java:12)
at Test.UserPageTest.displayingCards(UserPageTest.java:12)
at Test.UserPageTest.displayingCards(UserPageTest.java:12)
at Test.UserPageTest.displayingCards(UserPageTest.java:12)
at Test.UserPageTest.displayingCards(UserPageTest.java:12)
at Test.UserPageTest.displayingCards(UserPageTest.java:12)
at Test.UserPageTest.displayingCards(UserPageTest.java:12)
at Test.UserPageTest.displayingCards(UserPageTest.java:12)
at Test.UserPageTest.displayingCards(UserPageTest.java:12)
at Test.UserPageTest.displayingCards(UserPageTest.java:12)
at Test.UserPageTest.displayingCards(UserPageTest.java:12)
at Test.UserPageTest.displayingCards(UserPageTest.java:12)
at Test.UserPageTest.displayingCards(UserPageTest.java:12)
at Test.UserPageTest.displayingCards(UserPageTest.java:12)
at Test.UserPageTest.displayingCards(UserPageTest.java:12)
at Test.UserPageTest.displayingCards(UserPageTest.java:12)
at Test.UserPageTest.displayingCards(UserPageTest.java:12)
at Test.UserPageTest.displayingCards(UserPageTest.java:12)
at Test.UserPageTest.displayingCards(UserPageTest.java:12)
at Test.UserPageTest.displayingCards(UserPageTest.java:12)
at Test.UserPageTest.displayingCards(UserPageTest.java:12)
at Test.UserPageTest.displayingCards(UserPageTest.java:12)
at Test.UserPageTest.displayingCards(UserPageTest.java:12)
at Test.UserPageTest.displayingCards(UserPageTest.java:12)
at Test.UserPageTest.displayingCards(UserPageTest.java:12)
at Test.UserPageTest.displayingCards(UserPageTest.java:12)
at Test.UserPageTest.displayingCards(UserPageTest.java:12)
at Test.UserPageTest.displayingCards(UserPageTest.java:12)
at Test.UserPageTest.displayingCards(UserPageTest.java:12)
at Test.UserPageTest.displayingCards(UserPageTest.java:12)
at Test.UserPageTest.displayingCards(UserPageTest.java:12)
at Test.UserPageTest.displayingCards(UserPageTest.java:12)
at Test.UserPageTest.displayingCards(UserPageTest.java:12)
at Test.UserPageTest.displayingCards(UserPageTest.java:12)
at Test.UserPageTest.displayingCards(UserPageTest.java:12)
at Test.UserPageTest.displayingCards(UserPageTest.java:12)
at Test.UserPageTest.displayingCards(UserPageTest.java:12)
at Test.UserPageTest.displayingCards(UserPageTest.java:12)
at Test.UserPageTest.displayingCards(UserPageTest.java:12)
at Test.UserPageTest.displayingCards(UserPageTest.java:12)
at Test.UserPageTest.displayingCards(UserPageTest.java:12)
at Test.UserPageTest.displayingCards(UserPageTest.java:12)
at Test.UserPageTest.displayingCards(UserPageTest.java:12)
at Test.UserPageTest.displayingCards(UserPageTest.java:12)
at Test.UserPageTest.displayingCards(UserPageTest.java:12)
at Test.UserPageTest.displayingCards(UserPageTest.java:12)
at Test.UserPageTest.displayingCards(UserPageTest.java:12)
at Test.UserPageTest.displayingCards(UserPageTest.java:12)
at Test.UserPageTest.displayingCards(UserPageTest.java:12)
at Test.UserPageTest.displayingCards(UserPageTest.java:12)
at Test.UserPageTest.displayingCards(UserPageTest.java:12)
at Test.UserPageTest.displayingCards(UserPageTest.java:12)
at Test.UserPageTest.displayingCards(UserPageTest.java:12)
at Test.UserPageTest.displayingCards(UserPageTest.java:12)
at Test.UserPageTest.displayingCards(UserPageTest.java:12)
at Test.UserPageTest.displayingCards(UserPageTest.java:12)
at Test.UserPageTest.displayingCards(UserPageTest.java:12)
at Test.UserPageTest.displayingCards(UserPageTest.java:12)
at Test.UserPageTest.displayingCards(UserPageTest.java:12)
at Test.UserPageTest.displayingCards(UserPageTest.java:12)
at Test.UserPageTest.displayingCards(UserPageTest.java:12)
at Test.UserPageTest.displayingCards(UserPageTest.java:12)
at Test.UserPageTest.displayingCards(UserPageTest.java:12)
at Test.UserPageTest.displayingCards(UserPageTest.java:12)
at Test.UserPageTest.displayingCards(UserPageTest.java:12)
at Test.UserPageTest.displayingCards(UserPageTest.java:12)
at Test.UserPageTest.displayingCards(UserPageTest.java:12)
at Test.UserPageTest.displayingCards(UserPageTest.java:12)
at Test.UserPageTest.displayingCards(UserPageTest.java:12)
at Test.UserPageTest.displayingCards(UserPageTest.java:12)
at Test.UserPageTest.displayingCards(UserPageTest.java:12)
at Test.UserPageTest.displayingCards(UserPageTest.java:12)
at Test.UserPageTest.displayingCards(UserPageTest.java:12)
at Test.UserPageTest.displayingCards(UserPageTest.java:12)
at Test.UserPageTest.displayingCards(UserPageTest.java:12)
at Test.UserPageTest.displayingCards(UserPageTest.java:12)
at Test.UserPageTest.displayingCards(UserPageTest.java:12)
at Test.UserPageTest.displayingCards(UserPageTest.java:12)
at Test.UserPageTest.displayingCards(UserPageTest.java:12)
at Test.UserPageTest.displayingCards(UserPageTest.java:12)
at Test.UserPageTest.displayingCards(UserPageTest.java:12)
at Test.UserPageTest.displayingCards(UserPageTest.java:12)
at Test.UserPageTest.displayingCards(UserPageTest.java:12)
at Test.UserPageTest.displayingCards(UserPageTest.java:12)
at Test.UserPageTest.displayingCards(UserPageTest.java:12)
at Test.UserPageTest.displayingCards(UserPageTest.java:12)
at Test.UserPageTest.displayingCards(UserPageTest.java:12)
at Test.UserPageTest.displayingCards(UserPageTest.java:12)
at Test.UserPageTest.displayingCards(UserPageTest.java:12)
at Test.UserPageTest.displayingCards(UserPageTest.java:12)
at Test.UserPageTest.displayingCards(UserPageTest.java:12)
at Test.UserPageTest.displayingCards(UserPageTest.java:12)
at Test.UserPageTest.displayingCards(UserPageTest.java:12)
at Test.UserPageTest.displayingCards(UserPageTest.java:12)
at Test.UserPageTest.displayingCards(UserPageTest.java:12)
at Test.UserPageTest.displayingCards(UserPageTest.java:12)
at Test.UserPageTest.displayingCards(UserPageTest.java:12)
at Test.UserPageTest.displayingCards(UserPageTest.java:12)
at Test.UserPageTest.displayingCards(UserPageTest.java:12)
at Test.UserPageTest.displayingCards(UserPageTest.java:12)
at Test.UserPageTest.displayingCards(UserPageTest.java:12)
at Test.UserPageTest.displayingCards(UserPageTest.java:12)
at Test.UserPageTest.displayingCards(UserPageTest.java:12)
at Test.UserPageTest.displayingCards(UserPageTest.java:12)
at Test.UserPageTest.displayingCards(UserPageTest.java:12)
at Test.UserPageTest.displayingCards(UserPageTest.java:12)
at Test.UserPageTest.displayingCards(UserPageTest.java:12)
at Test.UserPageTest.displayingCards(UserPageTest.java:12)
at Test.UserPageTest.displayingCards(UserPageTest.java:12)
at Test.UserPageTest.displayingCards(UserPageTest.java:12)
at Test.UserPageTest.displayingCards(UserPageTest.java:12)
at Test.UserPageTest.displayingCards(UserPageTest.java:12)
at Test.UserPageTest.displayingCards(UserPageTest.java:12)
at Test.UserPageTest.displayingCards(UserPageTest.java:12)
at Test.UserPageTest.displayingCards(UserPageTest.java:12)
at Test.UserPageTest.displayingCards(UserPageTest.java:12)
at Test.UserPageTest.displayingCards(UserPageTest.java:12)
at Test.UserPageTest.displayingCards(UserPageTest.java:12)
at Test.UserPageTest.displayingCards(UserPageTest.java:12)
at Test.UserPageTest.displayingCards(UserPageTest.java:12)
at Test.UserPageTest.displayingCards(UserPageTest.java:12)
at Test.UserPageTest.displayingCards(UserPageTest.java:12)
at Test.UserPageTest.displayingCards(UserPageTest.java:12)
at Test.UserPageTest.displayingCards(UserPageTest.java:12)
at Test.UserPageTest.displayingCards(UserPageTest.java:12)
at Test.UserPageTest.displayingCards(UserPageTest.java:12)
at Test.UserPageTest.displayingCards(UserPageTest.java:12)
at Test.UserPageTest.displayingCards(UserPageTest.java:12)
at Test.UserPageTest.displayingCards(UserPageTest.java:12)
at Test.UserPageTest.displayingCards(UserPageTest.java:12)
at Test.UserPageTest.displayingCards(UserPageTest.java:12)
at Test.UserPageTest.displayingCards(UserPageTest.java:12)
at Test.UserPageTest.displayingCards(UserPageTest.java:12)
at Test.UserPageTest.displayingCards(UserPageTest.java:12)
at Test.UserPageTest.displayingCards(UserPageTest.java:12)
at Test.UserPageTest.displayingCards(UserPageTest.java:12)
at Test.UserPageTest.displayingCards(UserPageTest.java:12)
at Test.UserPageTest.displayingCards(UserPageTest.java:12)
at Test.UserPageTest.displayingCards(UserPageTest.java:12)
at Test.UserPageTest.displayingCards(UserPageTest.java:12)
at Test.UserPageTest.displayingCards(UserPageTest.java:12)
at Test.UserPageTest.displayingCards(UserPageTest.java:12)
at Test.UserPageTest.displayingCards(UserPageTest.java:12)
at Test.UserPageTest.displayingCards(UserPageTest.java:12)
at Test.UserPageTest.displayingCards(UserPageTest.java:12)
at Test.UserPageTest.displayingCards(UserPageTest.java:12)
at Test.UserPageTest.displayingCards(UserPageTest.java:12)
at Test.UserPageTest.displayingCards(UserPageTest.java:12)
at Test.UserPageTest.displayingCards(UserPageTest.java:12)
at Test.UserPageTest.displayingCards(UserPageTest.java:12)
at Test.UserPageTest.displayingCards(UserPageTest.java:12)
at Test.UserPageTest.displayingCards(UserPageTest.java:12)
at Test.UserPageTest.displayingCards(UserPageTest.java:12)
at Test.UserPageTest.displayingCards(UserPageTest.java:12)
at Test.UserPageTest.displayingCards(UserPageTest.java:12)
at Test.UserPageTest.displayingCards(UserPageTest.java:12)
at Test.UserPageTest.displayingCards(UserPageTest.java:12)
at Test.UserPageTest.displayingCards(UserPageTest.java:12)
at Test.UserPageTest.displayingCards(UserPageTest.java:12)
at Test.UserPageTest.displayingCards(UserPageTest.java:12)
at Test.UserPageTest.displayingCards(UserPageTest.java:12)
at Test.UserPageTest.displayingCards(UserPageTest.java:12)
at Test.UserPageTest.displayingCards(UserPageTest.java:12)
at Test.UserPageTest.displayingCards(UserPageTest.java:12)
at Test.UserPageTest.displayingCards(UserPageTest.java:12)
at Test.UserPageTest.displayingCards(UserPageTest.java:12)
at Test.UserPageTest.displayingCards(UserPageTest.java:12)
at Test.UserPageTest.displayingCards(UserPageTest.java:12)
at Test.UserPageTest.displayingCards(UserPageTest.java:12)
at Test.UserPageTest.displayingCards(UserPageTest.java:12)
at Test.UserPageTest.displayingCards(UserPageTest.java:12)
at Test.UserPageTest.displayingCards(UserPageTest.java:12)
at Test.UserPageTest.displayingCards(UserPageTest.java:12)
at Test.UserPageTest.displayingCards(UserPageTest.java:12)
at Test.UserPageTest.displayingCards(UserPageTest.java:12)
at Test.UserPageTest.displayingCards(UserPageTest.java:12)
at Test.UserPageTest.displayingCards(UserPageTest.java:12)
at Test.UserPageTest.displayingCards(UserPageTest.java:12)
at Test.UserPageTest.displayingCards(UserPageTest.java:12)
at Test.UserPageTest.displayingCards(UserPageTest.java:12)
at Test.UserPageTest.displayingCards(UserPageTest.java:12)
at Test.UserPageTest.displayingCards(UserPageTest.java:12)
at Test.UserPageTest.displayingCards(UserPageTest.java:12)
at Test.UserPageTest.displayingCards(UserPageTest.java:12)
at Test.UserPageTest.displayingCards(UserPageTest.java:12)
at Test.UserPageTest.displayingCards(UserPageTest.java:12)
at Test.UserPageTest.displayingCards(UserPageTest.java:12)
at Test.UserPageTest.displayingCards(UserPageTest.java:12)
at Test.UserPageTest.displayingCards(UserPageTest.java:12)
at Test.UserPageTest.displayingCards(UserPageTest.java:12)
at Test.UserPageTest.displayingCards(UserPageTest.java:12)
at Test.UserPageTest.displayingCards(UserPageTest.java:12)
at Test.UserPageTest.displayingCards(UserPageTest.java:12)
at Test.UserPageTest.displayingCards(UserPageTest.java:12)
at Test.UserPageTest.displayingCards(UserPageTest.java:12)
at Test.UserPageTest.displayingCards(UserPageTest.java:12)
at Test.UserPageTest.displayingCards(UserPageTest.java:12)
at Test.UserPageTest.displayingCards(UserPageTest.java:12)
at Test.UserPageTest.displayingCards(UserPageTest.java:12)
at Test.UserPageTest.displayingCards(UserPageTest.java:12)
at Test.UserPageTest.displayingCards(UserPageTest.java:12)
at Test.UserPageTest.displayingCards(UserPageTest.java:12)
at Test.UserPageTest.displayingCards(UserPageTest.java:12)
at Test.UserPageTest.displayingCards(UserPageTest.java:12)
at Test.UserPageTest.displayingCards(UserPageTest.java:12)
at Test.UserPageTest.displayingCards(UserPageTest.java:12)
at Test.UserPageTest.displayingCards(UserPageTest.java:12)
at Test.UserPageTest.displayingCards(UserPageTest.java:12)
at Test.UserPageTest.displayingCards(UserPageTest.java:12)
at Test.UserPageTest.displayingCards(UserPageTest.java:12)
at Test.UserPageTest.displayingCards(UserPageTest.java:12)
at Test.UserPageTest.displayingCards(UserPageTest.java:12)
at Test.UserPageTest.displayingCards(UserPageTest.java:12)
at Test.UserPageTest.displayingCards(UserPageTest.java:12)
at Test.UserPageTest.displayingCards(UserPageTest.java:12)
at Test.UserPageTest.displayingCards(UserPageTest.java:12)
at Test.UserPageTest.displayingCards(UserPageTest.java:12)
at Test.UserPageTest.displayingCards(UserPageTest.java:12)
at Test.UserPageTest.displayingCards(UserPageTest.java:12)
at Test.UserPageTest.displayingCards(UserPageTest.java:12)
at Test.UserPageTest.displayingCards(UserPageTest.java:12)
at Test.UserPageTest.displayingCards(UserPageTest.java:12)
at Test.UserPageTest.displayingCards(UserPageTest.java:12)
at Test.UserPageTest.displayingCards(UserPageTest.java:12)
at Test.UserPageTest.displayingCards(UserPageTest.java:12)
at Test.UserPageTest.displayingCards(UserPageTest.java:12)
at Test.UserPageTest.displayingCards(UserPageTest.java:12)
at Test.UserPageTest.displayingCards(UserPageTest.java:12)
at Test.UserPageTest.displayingCards(UserPageTest.java:12)
at Test.UserPageTest.displayingCards(UserPageTest.java:12)
at Test.UserPageTest.displayingCards(UserPageTest.java:12)
at Test.UserPageTest.displayingCards(UserPageTest.java:12)
at Test.UserPageTest.displayingCards(UserPageTest.java:12)
at Test.UserPageTest.displayingCards(UserPageTest.java:12)
at Test.UserPageTest.displayingCards(UserPageTest.java:12)
at Test.UserPageTest.displayingCards(UserPageTest.java:12)
at Test.UserPageTest.displayingCards(UserPageTest.java:12)
at Test.UserPageTest.displayingCards(UserPageTest.java:12)
at Test.UserPageTest.displayingCards(UserPageTest.java:12)
at Test.UserPageTest.displayingCards(UserPageTest.java:12)
at Test.UserPageTest.displayingCards(UserPageTest.java:12)
at Test.UserPageTest.displayingCards(UserPageTest.java:12)
at Test.UserPageTest.displayingCards(UserPageTest.java:12)
at Test.UserPageTest.displayingCards(UserPageTest.java:12)
at Test.UserPageTest.displayingCards(UserPageTest.java:12)
at Test.UserPageTest.displayingCards(UserPageTest.java:12)
at Test.UserPageTest.displayingCards(UserPageTest.java:12)
at Test.UserPageTest.displayingCards(UserPageTest.java:12)
at Test.UserPageTest.displayingCards(UserPageTest.java:12)
at Test.UserPageTest.displayingCards(UserPageTest.java:12)
at Test.UserPageTest.displayingCards(UserPageTest.java:12)
at Test.UserPageTest.displayingCards(UserPageTest.java:12)
at Test.UserPageTest.displayingCards(UserPageTest.java:12)
at Test.UserPageTest.displayingCards(UserPageTest.java:12)
at Test.UserPageTest.displayingCards(UserPageTest.java:12)
at Test.UserPageTest.displayingCards(UserPageTest.java:12)
at Test.UserPageTest.displayingCards(UserPageTest.java:12)
at Test.UserPageTest.displayingCards(UserPageTest.java:12)
at Test.UserPageTest.displayingCards(UserPageTest.java:12)
at Test.UserPageTest.displayingCards(UserPageTest.java:12)
at Test.UserPageTest.displayingCards(UserPageTest.java:12)
at Test.UserPageTest.displayingCards(UserPageTest.java:12)
at Test.UserPageTest.displayingCards(UserPageTest.java:12)
at Test.UserPageTest.displayingCards(UserPageTest.java:12)
at Test.UserPageTest.displayingCards(UserPageTest.java:12)
at Test.UserPageTest.displayingCards(UserPageTest.java:12)
at Test.UserPageTest.displayingCards(UserPageTest.java:12)
at Test.UserPageTest.displayingCards(UserPageTest.java:12)
at Test.UserPageTest.displayingCards(UserPageTest.java:12)
at Test.UserPageTest.displayingCards(UserPageTest.java:12)
at Test.UserPageTest.displayingCards(UserPageTest.java:12)
at Test.UserPageTest.displayingCards(UserPageTest.java:12)
at Test.UserPageTest.displayingCards(UserPageTest.java:12)
at Test.UserPageTest.displayingCards(UserPageTest.java:12)
at Test.UserPageTest.displayingCards(UserPageTest.java:12)
at Test.UserPageTest.displayingCards(UserPageTest.java:12)
at Test.UserPageTest.displayingCards(UserPageTest.java:12)
at Test.UserPageTest.displayingCards(UserPageTest.java:12)
at Test.UserPageTest.displayingCards(UserPageTest.java:12)
at Test.UserPageTest.displayingCards(UserPageTest.java:12)
at Test.UserPageTest.displayingCards(UserPageTest.java:12)
at Test.UserPageTest.displayingCards(UserPageTest.java:12)
at Test.UserPageTest.displayingCards(UserPageTest.java:12)
at Test.UserPageTest.displayingCards(UserPageTest.java:12)
at Test.UserPageTest.displayingCards(UserPageTest.java:12)
at Test.UserPageTest.displayingCards(UserPageTest.java:12)
at Test.UserPageTest.displayingCards(UserPageTest.java:12)
at Test.UserPageTest.displayingCards(UserPageTest.java:12)
at Test.UserPageTest.displayingCards(UserPageTest.java:12)
at Test.UserPageTest.displayingCards(UserPageTest.java:12)
at Test.UserPageTest.displayingCards(UserPageTest.java:12)
at Test.UserPageTest.displayingCards(UserPageTest.java:12)
at Test.UserPageTest.displayingCards(UserPageTest.java:12)
at Test.UserPageTest.displayingCards(UserPageTest.java:12)
at Test.UserPageTest.displayingCards(UserPageTest.java:12)
at Test.UserPageTest.displayingCards(UserPageTest.java:12)
at Test.UserPageTest.displayingCards(UserPageTest.java:12)
at Test.UserPageTest.displayingCards(UserPageTest.java:12)
at Test.UserPageTest.displayingCards(UserPageTest.java:12)
at Test.UserPageTest.displayingCards(UserPageTest.java:12)
at Test.UserPageTest.displayingCards(UserPageTest.java:12)
at Test.UserPageTest.displayingCards(UserPageTest.java:12)
at Test.UserPageTest.displayingCards(UserPageTest.java:12)
at Test.UserPageTest.displayingCards(UserPageTest.java:12)
at Test.UserPageTest.displayingCards(UserPageTest.java:12)
at Test.UserPageTest.displayingCards(UserPageTest.java:12)
at Test.UserPageTest.displayingCards(UserPageTest.java:12)
at Test.UserPageTest.displayingCards(UserPageTest.java:12)
at Test.UserPageTest.displayingCards(UserPageTest.java:12)
at Test.UserPageTest.displayingCards(UserPageTest.java:12)
at Test.UserPageTest.displayingCards(UserPageTest.java:12)
at Test.UserPageTest.displayingCards(UserPageTest.java:12)
at Test.UserPageTest.displayingCards(UserPageTest.java:12)
at Test.UserPageTest.displayingCards(UserPageTest.java:12)
at Test.UserPageTest.displayingCards(UserPageTest.java:12)
at Test.UserPageTest.displayingCards(UserPageTest.java:12)
at Test.UserPageTest.displayingCards(UserPageTest.java:12)
at Test.UserPageTest.displayingCards(UserPageTest.java:12)
at Test.UserPageTest.displayingCards(UserPageTest.java:12)
at Test.UserPageTest.displayingCards(UserPageTest.java:12)
at Test.UserPageTest.displayingCards(UserPageTest.java:12)
at Test.UserPageTest.displayingCards(UserPageTest.java:12)
at Test.UserPageTest.displayingCards(UserPageTest.java:12)
at Test.UserPageTest.displayingCards(UserPageTest.java:12)
at Test.UserPageTest.displayingCards(UserPageTest.java:12)
at Test.UserPageTest.displayingCards(UserPageTest.java:12)
at Test.UserPageTest.displayingCards(UserPageTest.java:12)
at Test.UserPageTest.displayingCards(UserPageTest.java:12)
at Test.UserPageTest.displayingCards(UserPageTest.java:12)
]]>
    </error>
  </testcase> <!-- displayingCards -->
  <system-out/>
</testsuite> <!-- Test.UserPageTest -->
