<?xml version="1.0" encoding="UTF-8"?>
<!-- Generated by org.testng.reporters.JUnitReportReporter -->
<testsuite hostname="DESKTOP-91HRFE0" failures="0" tests="7" name="Test.OverviewPageTest" time="17.211" errors="0" timestamp="2023-01-14T09:29:23 IST" skipped="2">
  <testcase classname="Test.OverviewPageTest" name="displayingCards" time="14.912"/>
  <system-out/>
  <testcase classname="Test.OverviewPageTest" name="selectingCalender" time="1.361"/>
  <system-out/>
  <testcase classname="Test.OverviewPageTest" name="DisplaySuperad" time="0.402"/>
  <system-out/>
  <testcase classname="Test.OverviewPageTest" name="TotalCards" time="0.078"/>
  <system-out/>
  <testcase classname="Test.OverviewPageTest" name="EventsModule" time="0.458"/>
  <system-out/>
  <testcase classname="Test.OverviewPageTest" name="AddingEvents">
    <skipped/>
  </testcase> <!-- AddingEvents -->
  <system-out/>
  <testcase classname="Test.OverviewPageTest" name="DisplayEventsCount">
    <skipped/>
  </testcase> <!-- DisplayEventsCount -->
  <system-out/>
</testsuite> <!-- Test.OverviewPageTest -->
